dzen.ru
naydex.net
rostaxi.org
ya.ru
yandex-bank.net
yandex-images.clstorage.net
yandex.aero
yandex.az
yandex.by
yandex.cloud
yandex.co.il
yandex.com
yandex.com.am
yandex.com.ge
yandex.com.ru
yandex.com.tr
yandex.com.ua
yandex.de
yandex.ee
yandex.eu
yandex.fi
yandex.fr
yandex.jobs
yandex.kg
yandex.kz
yandex.lt
yandex.lv
yandex.md
yandex.net
yandex.org
yandex.pl
yandex.ru
yandex.st
yandex.sx
yandex.tj
yandex.tm
yandex.ua
yandex.uz
yandexadexchange.net
yandexcloud.net
yandexcom.net
yandexwebcache.org
yastatic.net
xn--d1acpjx3f.xn--p1ai

cdn-vk.ru
mradx.net
mvk.com
userapi.com
vk-analytics.ru
vk-apps.com
vk-apps.ru
vk-cdn.me
vk-cdn.net
vkcloud-static.ru
vk-portal.net
vk.cc
vk.com
vk.company
vk.design
vk.link
vk.me
vk.ru
vk.team
vkcache.com
vkgo.app
vklive.app
vkmessenger.app
vkmessenger.com
vkontakte.ru
vkuser.net
vkuseraudio.com
vkuseraudio.net
vkuseraudio.ru
vkusercdn.ru
vkuserlive.net
vkuserphoto.ru
vkuservideo.com
vkuservideo.net
vkuservideo.ru
vkvideo.ru
